<?xml version="1.0" encoding="UTF-8"?>
<!-- Generated by org.testng.reporters.JUnitXMLReporter -->
<testsuite ignored="0" hostname="DESKTOP-96NUCQ1" failures="0" tests="3" name="OrangeHRM Tests" time="20.808" errors="0" timestamp="2023-07-07T08:42:59 IST">
  <testcase classname="com.tests.LoginPageTest" name="loginTitleTest" time="0.027"/>
  <testcase classname="com.tests.LoginPageTest" name="loginTest" time="0.587"/>
  <testcase classname="com.tests.HomePageTest" name="HomeTest" time="0.088"/>
</testsuite> <!-- OrangeHRM Tests -->
