<?xml version="1.0" encoding="UTF-8"?>
<testng-results ignored="0" total="3" passed="3" failed="0" skipped="0">
  <reporter-output>
  </reporter-output>
  <suite started-at="2023-07-07T08:42:39 IST" name="POM Description" finished-at="2023-07-07T08:42:59 IST" duration-ms="20808">
    <groups>
    </groups>
    <test started-at="2023-07-07T08:42:39 IST" name="OrangeHRM Tests" finished-at="2023-07-07T08:42:59 IST" duration-ms="20808">
      <class name="com.tests.LoginPageTest">
        <test-method is-config="true" signature="setUp()[pri:0, instance:com.tests.LoginPageTest@71809907]" started-at="2023-07-07T08:42:39 IST" name="setUp" finished-at="2023-07-07T08:42:47 IST" duration-ms="8502" status="PASS">
          <reporter-output>
          </reporter-output>
        </test-method> <!-- setUp -->
        <test-method signature="loginTitleTest()[pri:1, instance:com.tests.LoginPageTest@71809907]" started-at="2023-07-07T08:42:47 IST" name="loginTitleTest" finished-at="2023-07-07T08:42:47 IST" duration-ms="27" status="PASS">
          <reporter-output>
          </reporter-output>
        </test-method> <!-- loginTitleTest -->
        <test-method is-config="true" signature="tearDown()[pri:0, instance:com.tests.LoginPageTest@71809907]" started-at="2023-07-07T08:42:47 IST" name="tearDown" finished-at="2023-07-07T08:42:48 IST" duration-ms="1013" status="PASS">
          <reporter-output>
          </reporter-output>
        </test-method> <!-- tearDown -->
        <test-method is-config="true" signature="setUp()[pri:0, instance:com.tests.LoginPageTest@71809907]" started-at="2023-07-07T08:42:48 IST" name="setUp" finished-at="2023-07-07T08:42:53 IST" duration-ms="4275" status="PASS">
          <reporter-output>
          </reporter-output>
        </test-method> <!-- setUp -->
        <test-method signature="loginTest()[pri:2, instance:com.tests.LoginPageTest@71809907]" started-at="2023-07-07T08:42:53 IST" name="loginTest" finished-at="2023-07-07T08:42:53 IST" duration-ms="587" status="PASS">
          <reporter-output>
          </reporter-output>
        </test-method> <!-- loginTest -->
        <test-method is-config="true" signature="tearDown()[pri:0, instance:com.tests.LoginPageTest@71809907]" started-at="2023-07-07T08:42:53 IST" name="tearDown" finished-at="2023-07-07T08:42:54 IST" duration-ms="804" status="PASS">
          <reporter-output>
          </reporter-output>
        </test-method> <!-- tearDown -->
      </class> <!-- com.tests.LoginPageTest -->
      <class name="com.tests.HomePageTest">
        <test-method is-config="true" signature="setUp()[pri:0, instance:com.tests.HomePageTest@16293aa2]" started-at="2023-07-07T08:42:54 IST" name="setUp" finished-at="2023-07-07T08:42:59 IST" duration-ms="4559" status="PASS">
          <reporter-output>
          </reporter-output>
        </test-method> <!-- setUp -->
        <test-method signature="HomeTest()[pri:0, instance:com.tests.HomePageTest@16293aa2]" started-at="2023-07-07T08:42:59 IST" name="HomeTest" finished-at="2023-07-07T08:42:59 IST" duration-ms="88" status="PASS">
          <reporter-output>
          </reporter-output>
        </test-method> <!-- HomeTest -->
        <test-method is-config="true" signature="tearDown()[pri:0, instance:com.tests.HomePageTest@16293aa2]" started-at="2023-07-07T08:42:59 IST" name="tearDown" finished-at="2023-07-07T08:42:59 IST" duration-ms="848" status="PASS">
          <reporter-output>
          </reporter-output>
        </test-method> <!-- tearDown -->
      </class> <!-- com.tests.HomePageTest -->
    </test> <!-- OrangeHRM Tests -->
  </suite> <!-- POM Description -->
</testng-results>
